0 info it worked if it ends with ok
1 verbose cli [ 'C:\\Program Files\\nodejs\\node.exe',
1 verbose cli   'C:\\Program Files\\nodejs\\node_modules\\npm\\bin\\npm-cli.js',
1 verbose cli   'install',
1 verbose cli   'aws-sdk-js' ]
2 info using npm@2.15.9
3 info using node@v4.6.0
4 verbose install initial load of C:\Users\William\nodetest2\package.json
5 verbose installManyTop reading scoped package data from C:\Users\William\nodetest2\node_modules\body-parser\package.json
6 verbose installManyTop reading scoped package data from C:\Users\William\nodetest2\node_modules\cookie-parser\package.json
7 verbose installManyTop reading scoped package data from C:\Users\William\nodetest2\node_modules\debug\package.json
8 verbose installManyTop reading scoped package data from C:\Users\William\nodetest2\node_modules\express\package.json
9 verbose installManyTop reading scoped package data from C:\Users\William\nodetest2\node_modules\fs\package.json
10 verbose installManyTop reading scoped package data from C:\Users\William\nodetest2\node_modules\jade\package.json
11 verbose installManyTop reading scoped package data from C:\Users\William\nodetest2\node_modules\mongodb\package.json
12 verbose installManyTop reading scoped package data from C:\Users\William\nodetest2\node_modules\monk\package.json
13 verbose installManyTop reading scoped package data from C:\Users\William\nodetest2\node_modules\morgan\package.json
14 verbose installManyTop reading scoped package data from C:\Users\William\nodetest2\node_modules\multer\package.json
15 verbose installManyTop reading scoped package data from C:\Users\William\nodetest2\node_modules\mysql\package.json
16 verbose installManyTop reading scoped package data from C:\Users\William\nodetest2\node_modules\node-mysql\package.json
17 verbose installManyTop reading scoped package data from C:\Users\William\nodetest2\node_modules\path\package.json
18 verbose installManyTop reading scoped package data from C:\Users\William\nodetest2\node_modules\pg\package.json
19 verbose installManyTop reading scoped package data from C:\Users\William\nodetest2\node_modules\serve-favicon\package.json
20 verbose installManyTop reading scoped package data from C:\Users\William\nodetest2\node_modules\util\package.json
21 info package.json fs@0.0.1-security fs is also the name of a node core module.
22 info package.json node-mysql@0.4.2 No license field.
23 info package.json util@0.10.3 util is also the name of a node core module.
24 info package.json monk@1.0.1 No license field.
25 info package.json path@0.12.7 path is also the name of a node core module.
26 info package.json mongodb@1.4.40 No license field.
27 verbose readDependencies loading dependencies from C:\Users\William\nodetest2\package.json
28 silly cache add args [ 'aws-sdk-js', null ]
29 verbose cache add spec aws-sdk-js
30 silly cache add parsed spec Result {
30 silly cache add   raw: 'aws-sdk-js',
30 silly cache add   scope: null,
30 silly cache add   name: 'aws-sdk-js',
30 silly cache add   rawSpec: '',
30 silly cache add   spec: 'latest',
30 silly cache add   type: 'tag' }
31 silly addNamed aws-sdk-js@latest
32 verbose addNamed "latest" is being treated as a dist-tag for aws-sdk-js
33 info addNameTag [ 'aws-sdk-js', 'latest' ]
34 silly mapToRegistry name aws-sdk-js
35 silly mapToRegistry using default registry
36 silly mapToRegistry registry https://registry.npmjs.org/
37 silly mapToRegistry data Result {
37 silly mapToRegistry   raw: 'aws-sdk-js',
37 silly mapToRegistry   scope: null,
37 silly mapToRegistry   name: 'aws-sdk-js',
37 silly mapToRegistry   rawSpec: '',
37 silly mapToRegistry   spec: 'latest',
37 silly mapToRegistry   type: 'tag' }
38 silly mapToRegistry uri https://registry.npmjs.org/aws-sdk-js
39 verbose addNameTag registry:https://registry.npmjs.org/aws-sdk-js not in flight; fetching
40 verbose request uri https://registry.npmjs.org/aws-sdk-js
41 verbose request no auth needed
42 info attempt registry request try #1 at 8:05:39 PM
43 verbose request id f7b37b91314c79e1
44 http request GET https://registry.npmjs.org/aws-sdk-js
45 http 404 https://registry.npmjs.org/aws-sdk-js
46 verbose headers { 'content-type': 'application/json',
46 verbose headers   'cache-control': 'max-age=0',
46 verbose headers   'content-length': '2',
46 verbose headers   'accept-ranges': 'bytes',
46 verbose headers   date: 'Wed, 05 Oct 2016 00:05:43 GMT',
46 verbose headers   via: '1.1 varnish',
46 verbose headers   age: '0',
46 verbose headers   connection: 'keep-alive',
46 verbose headers   'x-served-by': 'cache-jfk8145-JFK',
46 verbose headers   'x-cache': 'MISS',
46 verbose headers   'x-cache-hits': '0',
46 verbose headers   'x-timer': 'S1475625943.535644,VS0,VE28',
46 verbose headers   vary: 'Accept-Encoding' }
47 silly get cb [ 404,
47 silly get   { 'content-type': 'application/json',
47 silly get     'cache-control': 'max-age=0',
47 silly get     'content-length': '2',
47 silly get     'accept-ranges': 'bytes',
47 silly get     date: 'Wed, 05 Oct 2016 00:05:43 GMT',
47 silly get     via: '1.1 varnish',
47 silly get     age: '0',
47 silly get     connection: 'keep-alive',
47 silly get     'x-served-by': 'cache-jfk8145-JFK',
47 silly get     'x-cache': 'MISS',
47 silly get     'x-cache-hits': '0',
47 silly get     'x-timer': 'S1475625943.535644,VS0,VE28',
47 silly get     vary: 'Accept-Encoding' } ]
48 verbose stack Error: Registry returned 404 for GET on https://registry.npmjs.org/aws-sdk-js
48 verbose stack     at makeError (C:\Program Files\nodejs\node_modules\npm\node_modules\npm-registry-client\lib\request.js:264:12)
48 verbose stack     at CachingRegistryClient.<anonymous> (C:\Program Files\nodejs\node_modules\npm\node_modules\npm-registry-client\lib\request.js:242:14)
48 verbose stack     at Request._callback (C:\Program Files\nodejs\node_modules\npm\node_modules\npm-registry-client\lib\request.js:172:14)
48 verbose stack     at Request.self.callback (C:\Program Files\nodejs\node_modules\npm\node_modules\request\request.js:200:22)
48 verbose stack     at emitTwo (events.js:87:13)
48 verbose stack     at Request.emit (events.js:172:7)
48 verbose stack     at Request.<anonymous> (C:\Program Files\nodejs\node_modules\npm\node_modules\request\request.js:1067:10)
48 verbose stack     at emitOne (events.js:82:20)
48 verbose stack     at Request.emit (events.js:169:7)
48 verbose stack     at IncomingMessage.<anonymous> (C:\Program Files\nodejs\node_modules\npm\node_modules\request\request.js:988:12)
49 verbose statusCode 404
50 verbose pkgid aws-sdk-js
51 verbose cwd C:\Users\William\nodetest2
52 error Windows_NT 10.0.14393
53 error argv "C:\\Program Files\\nodejs\\node.exe" "C:\\Program Files\\nodejs\\node_modules\\npm\\bin\\npm-cli.js" "install" "aws-sdk-js"
54 error node v4.6.0
55 error npm  v2.15.9
56 error code E404
57 error 404 Registry returned 404 for GET on https://registry.npmjs.org/aws-sdk-js
57 error 404
57 error 404 'aws-sdk-js' is not in the npm registry.
57 error 404 You should bug the author to publish it (or use the name yourself!)
57 error 404 It was specified as a dependency of 'nodetest2b'
57 error 404
57 error 404 Note that you can also install from a
57 error 404 tarball, folder, http url, or git url.
58 verbose exit [ 1, true ]
